<?xml version="1.0" encoding="utf-8"?>
<CoverageSession xmlns:xsd="http://www.w3.org/2001/XMLSchema" xmlns:xsi="http://www.w3.org/2001/XMLSchema-instance">
  <Summary numSequencePoints="10" visitedSequencePoints="3" numBranchPoints="5" visitedBranchPoints="1" sequenceCoverage="30" branchCoverage="20" maxCyclomaticComplexity="2" minCyclomaticComplexity="1" />
  <Modules>
    <Module skippedDueTo="Filter" hash="DB-6D-CE-70-89-C5-26-07-AE-DB-99-FC-E4-B3-60-D7-3E-A4-C0-76">
      <FullName>C:\Windows\assembly\GAC_64\mscorlib\2.0.0.0__b77a5c561934e089\mscorlib.dll</FullName>
      <ModuleName>mscorlib</ModuleName>
      <Classes />
    </Module>
    <Module hash="00-11-22-33-44-55-66-77-88-99-00-11-22-33-44-55-66-77-88-99">
      <Summary numSequencePoints="5" visitedSequencePoints="2" numBranchPoints="4" visitedBranchPoints="1" sequenceCoverage="40" branchCoverage="25" maxCyclomaticComplexity="2s" minCyclomaticComplexity="1" />
      <FullName>C:\devel\MyAssembly.dll</FullName>
      <ModuleName>MyAssembly</ModuleName>
      <Files>
        <File uid="1" fullPath="C:\devel\MyAssembly.cs" />
      </Files>
      <Classes>
        <Class>
          <Summary numSequencePoints="0" visitedSequencePoints="0" numBranchPoints="0" visitedBranchPoints="0" sequenceCoverage="0" branchCoverage="0" maxCyclomaticComplexity="0" minCyclomaticComplexity="0" />
          <FullName>&lt;Module&gt;</FullName>
          <Methods />
        </Class>
        <Class>
          <Summary numSequencePoints="5" visitedSequencePoints="2" numBranchPoints="4" visitedBranchPoints="1" sequenceCoverage="40" branchCoverage="25" maxCyclomaticComplexity="2s" minCyclomaticComplexity="1" />
          <FullName>mypkg.MyClass</FullName>
          <Methods>
            <Method visited="true" cyclomaticComplexity="1" sequenceCoverage="40" branchCoverage="25" isConstructor="false" isStatic="false" isGetter="false" isSetter="false">
              <Summary numSequencePoints="5" visitedSequencePoints="2" numBranchPoints="4" visitedBranchPoints="1" sequenceCoverage="40" branchCoverage="25" maxCyclomaticComplexity="2s" minCyclomaticComplexity="1" />
              <MetadataToken>100663297</MetadataToken>
              <Name>System.Void mypkg.MyClass::MyMethod(System.String)</Name>
              <FileRef uid="1" />
              <SequencePoints>
                <SequencePoint vc="39" uspid="1" ordinal="0" offset="0" sl="13" sc="4" el="13" ec="91" bec="0" bev="0" fileid="1" />
              </SequencePoints>
              <BranchPoints />
              <MethodPoint xsi:type="SequencePoint" vc="39" uspid="1" ordinal="0" offset="0" sl="13" sc="4" el="13" ec="91" bec="0" bev="0" fileid="1" />
            </Method>
          </Methods>
        </Class>
      </Classes>
    </Module>
  </Modules>
</CoverageSession>